  TheGame.cpp
c:\users\алексей\desktop\project2\project2\thegame.cpp(49): warning C4244: аргумент: преобразование "T" в "T", возможна потеря данных
          with
          [
              T=int
          ]
          and
          [
              T=float
          ]
c:\users\алексей\desktop\project2\project2\thegame.cpp(55): warning C4244: аргумент: преобразование "T" в "T", возможна потеря данных
          with
          [
              T=int
          ]
          and
          [
              T=float
          ]
c:\users\алексей\desktop\project2\project2\thegame.cpp(67): warning C4244: аргумент: преобразование "T" в "T", возможна потеря данных
          with
          [
              T=int
          ]
          and
          [
              T=float
          ]
c:\users\алексей\desktop\project2\project2\thegame.cpp(71): warning C4244: аргумент: преобразование "int" в "float", возможна потеря данных
c:\users\алексей\desktop\project2\project2\thegame.cpp(76): warning C4244: аргумент: преобразование "int" в "float", возможна потеря данных
c:\users\алексей\desktop\project2\project2\thegame.cpp(82): warning C4244: аргумент: преобразование "int" в "float", возможна потеря данных
c:\users\алексей\desktop\project2\project2\thegame.cpp(99): warning C4244: аргумент: преобразование "int" в "float", возможна потеря данных
c:\users\алексей\desktop\project2\project2\thegame.cpp(105): warning C4244: аргумент: преобразование "int" в "float", возможна потеря данных
c:\users\алексей\desktop\project2\project2\thegame.cpp(142): warning C4244: аргумент: преобразование "int" в "float", возможна потеря данных
c:\users\алексей\desktop\project2\project2\thegame.cpp(145): warning C4244: аргумент: преобразование "int" в "float", возможна потеря данных
c:\users\алексей\desktop\project2\project2\thegame.cpp(149): warning C4244: аргумент: преобразование "int" в "float", возможна потеря данных
c:\users\алексей\desktop\project2\project2\thegame.cpp(174): warning C4244: аргумент: преобразование "int" в "float", возможна потеря данных
c:\users\алексей\desktop\project2\project2\thegame.cpp(178): warning C4244: аргумент: преобразование "int" в "float", возможна потеря данных
c:\users\алексей\desktop\project2\project2\thegame.cpp(184): warning C4244: аргумент: преобразование "int" в "float", возможна потеря данных
c:\users\алексей\desktop\project2\project2\thegame.cpp(214): warning C4244: аргумент: преобразование "T" в "T", возможна потеря данных
          with
          [
              T=int
          ]
          and
          [
              T=float
          ]
c:\users\алексей\desktop\project2\project2\thegame.cpp(245): warning C4244: аргумент: преобразование "int" в "float", возможна потеря данных
c:\users\алексей\desktop\project2\project2\thegame.cpp(249): warning C4244: аргумент: преобразование "int" в "float", возможна потеря данных
c:\users\алексей\desktop\project2\project2\thegame.cpp(255): warning C4244: аргумент: преобразование "int" в "float", возможна потеря данных
c:\users\алексей\desktop\project2\project2\thegame.cpp(310): warning C4244: аргумент: преобразование "time_t" в "unsigned int", возможна потеря данных
c:\users\алексей\desktop\project2\project2\thegame.cpp(348): warning C4244: =: преобразование "int" в "T", возможна потеря данных
          with
          [
              T=float
          ]
c:\users\алексей\desktop\project2\project2\thegame.cpp(354): warning C4244: =: преобразование "int" в "T", возможна потеря данных
          with
          [
              T=float
          ]
c:\users\алексей\desktop\project2\project2\thegame.cpp(358): warning C4244: =: преобразование "int" в "T", возможна потеря данных
          with
          [
              T=float
          ]
c:\users\алексей\desktop\project2\project2\thegame.cpp(364): warning C4244: =: преобразование "int" в "T", возможна потеря данных
          with
          [
              T=float
          ]
c:\users\алексей\desktop\project2\project2\thegame.cpp(368): warning C4244: =: преобразование "int" в "T", возможна потеря данных
          with
          [
              T=float
          ]
c:\users\алексей\desktop\project2\project2\thegame.cpp(373): warning C4244: =: преобразование "int" в "T", возможна потеря данных
          with
          [
              T=float
          ]
c:\users\алексей\desktop\project2\project2\thegame.cpp(377): warning C4244: =: преобразование "int" в "T", возможна потеря данных
          with
          [
              T=float
          ]
c:\users\алексей\desktop\project2\project2\thegame.cpp(413): warning C4244: аргумент: преобразование "time_t" в "unsigned int", возможна потеря данных
c:\users\алексей\desktop\project2\project2\thegame.cpp(555): warning C4244: аргумент: преобразование "T" в "T", возможна потеря данных
          with
          [
              T=int
          ]
          and
          [
              T=float
          ]
c:\users\алексей\desktop\project2\project2\thegame.cpp(586): warning C4244: аргумент: преобразование "int" в "float", возможна потеря данных
c:\users\алексей\desktop\project2\project2\thegame.cpp(598): warning C4244: аргумент: преобразование "int" в "float", возможна потеря данных
c:\users\алексей\desktop\project2\project2\thegame.cpp(651): warning C4244: аргумент: преобразование "int" в "T", возможна потеря данных
          with
          [
              T=float
          ]
c:\users\алексей\desktop\project2\project2\thegame.cpp(690): warning C4244: аргумент: преобразование "int" в "float", возможна потеря данных
c:\users\алексей\desktop\project2\project2\thegame.cpp(691): warning C4244: аргумент: преобразование "int" в "float", возможна потеря данных
c:\users\алексей\desktop\project2\project2\thegame.cpp(747): warning C4244: аргумент: преобразование "int" в "T", возможна потеря данных
          with
          [
              T=float
          ]
c:\users\алексей\desktop\project2\project2\thegame.cpp(750): warning C4244: аргумент: преобразование "int" в "T", возможна потеря данных
          with
          [
              T=float
          ]
c:\users\алексей\desktop\project2\project2\thegame.cpp(811): warning C4244: аргумент: преобразование "int" в "float", возможна потеря данных
c:\users\алексей\desktop\project2\project2\thegame.cpp(812): warning C4244: аргумент: преобразование "int" в "float", возможна потеря данных
c:\users\алексей\desktop\project2\project2\thegame.cpp(988): warning C4244: аргумент: преобразование "T" в "T", возможна потеря данных
          with
          [
              T=int
          ]
          and
          [
              T=float
          ]
c:\users\алексей\desktop\project2\project2\thegame.cpp(1027): warning C4244: аргумент: преобразование "int" в "float", возможна потеря данных
c:\users\алексей\desktop\project2\project2\thegame.cpp(1033): warning C4244: аргумент: преобразование "int" в "float", возможна потеря данных
c:\users\алексей\desktop\project2\project2\thegame.cpp(1039): warning C4244: аргумент: преобразование "int" в "float", возможна потеря данных
  Создание кода
  2 of 533 functions ( 0.4%) were compiled, the rest were copied from previous compilation.
    0 functions were new in current compilation
    1 functions had inline decision re-evaluated but remain unchanged
  Создание кода завершено
  Project2.vcxproj -> C:\Users\Алексей\Desktop\Project2\x64\ReleaseWithoutConsole\ProjectCURSE ACHE.exe
